[2024-05-22 22:12:29] New book created with id: 
[2024-05-22 22:12:43] New book created with id: Array
[2024-05-22 22:12:59] New book created with id: Array
[2024-05-22 22:14:19] New book created with id: edbad0eb-7db0-4f61-bca2-8e0dd88acbd5
[2024-05-22 22:17:01] New book created with id: 9a49c328-bc29-41e6-80ee-346f6cb1621b
[2024-05-22 22:17:01] New book created with id: b819cddc-ebfd-4e35-8d9f-32cded137a55
[2024-05-22 22:17:02] New book created with id: ecc793ae-46df-4851-8ab7-33f6a8ebd967
[2024-05-22 22:17:02] New book created with id: d5e4110e-cb9f-434d-aebc-c1afb3937bf9
[2024-05-22 22:17:03] New book created with id: 63f226c0-726d-46a1-b98b-6296e92a1084
[2024-05-22 22:17:03] New book created with id: ec56a3a3-0ef1-4393-b15f-be9670ac86bf
[2024-05-22 22:17:03] New book created with id: c4aade5e-5ba1-4e55-8782-58f7111f13c6
[2024-05-22 22:17:04] New book created with id: 97fbf5a3-c0a8-4efb-92cb-98970b770a70
[2024-05-22 22:17:04] New book created with id: 7328a5eb-3373-4deb-8c58-ffc360c3aef4
[2024-05-22 22:17:04] New book created with id: 102e8782-43dd-4638-ad06-45a5a73a7614
[2024-05-22 22:17:04] New book created with id: 083f0335-cb9f-4f41-b0ae-116a2346078c
[2024-05-22 22:17:04] New book created with id: 29360211-2bf9-480f-b295-73fe863ada7c
[2024-05-22 22:17:04] New book created with id: c411f0a8-f78e-4780-928c-95c94641bc93
[2024-05-22 22:17:05] New book created with id: ea06bc17-b60d-492f-88ab-667f46e96ac1
[2024-05-22 22:17:05] New book created with id: 83c76181-bff1-40b4-8405-6164c61ddbc9
[2024-05-22 22:17:05] New book created with id: 138e3e4f-f8dc-41b9-9487-5ac9c48cf01a
[2024-05-22 22:17:05] New book created with id: 84574822-47f7-4a15-949b-a677f2963f16
[2024-05-22 22:17:05] New book created with id: 99560f9f-0102-4652-ad91-0bfb9ac0c9ec
[2024-05-22 22:17:05] New book created with id: df59cf22-c3d5-49c0-b931-2ec00b1d9e5c
[2024-05-22 22:17:06] New book created with id: 93714de8-7713-4017-b72e-28b7e9ff0199
[2024-05-22 22:17:06] New book created with id: 7e9f25bf-7d24-47d0-9ecc-d5b4daa377bf
[2024-05-22 22:17:06] New book created with id: 0e315371-df93-4e1a-88f4-073262d286bf
[2024-05-22 22:17:06] New book created with id: 08786512-b2f4-4496-8a71-1c4734df30f9
[2024-05-22 22:17:06] New book created with id: 0971de29-a68f-47ab-9de1-14a3eb5dd0e7
[2024-05-22 22:17:07] New book created with id: 5110f765-f8b0-4f1c-8cae-ad9c5898fd53
[2024-05-22 22:17:07] New book created with id: 6b16381e-c1ae-4a1e-a738-7803686fb76e
[2024-05-22 22:17:07] New book created with id: 02d94a77-31f2-4f29-b625-a0000f920a2b
[2024-05-22 22:17:07] New book created with id: 552d19c3-2286-44eb-9bfc-1535867b532c
[2024-05-22 22:17:07] New book created with id: 6e6c5b0f-2860-4059-9d99-3c841a997aee
[2024-05-22 22:17:07] New book created with id: e80e08dd-5ba0-4877-ab1b-6547ebd75dc2
[2024-05-22 22:17:07] New book created with id: f9896043-d598-469d-8312-eb9dc0ed1fce
[2024-05-22 22:17:10] New book created with id: 4cbb576c-2db5-4fe1-a83c-d4b375b7c682
[2024-05-22 22:17:10] New book created with id: 6f7a1453-6d70-4750-8e1f-7b673aa24042
[2024-05-22 22:17:11] New book created with id: 6cd616c1-d9a8-4fef-81ac-ad24e8f291f8
[2024-05-22 22:17:11] New book created with id: 02a479a4-0e1f-4fa4-916c-136a396c6110
[2024-05-22 22:17:11] New book created with id: 74cacfc4-eb1b-4e98-a040-850a8ae01f6a
[2024-05-22 22:17:11] New book created with id: 7cb62df5-7bdb-4471-8559-19519004e41f
[2024-05-22 22:17:12] New book created with id: b14df50a-04bc-4668-adb3-ed0b2777b263
[2024-05-22 22:17:12] New book created with id: 04011f87-fa58-4ed2-b9bd-1a069bb607de
[2024-05-22 22:17:12] New book created with id: de9dc9c3-8a80-499e-8288-82ac91e26319
[2024-05-22 22:17:12] New book created with id: 5a398af4-c062-40a1-9b94-9ac601bd17e2
[2024-05-22 22:17:12] New book created with id: fcb63d8f-af81-4550-85bc-02718bb8b534
[2024-05-22 22:17:12] New book created with id: 742c87dc-3191-42c9-9cd9-df5e8871e05c
[2024-05-22 22:17:12] New book created with id: 9114b0f9-0e54-42b0-9835-56d22f6d7145
[2024-05-22 22:17:13] New book created with id: 58ae5322-557b-4287-abf1-9e9977d788bf
[2024-05-22 22:17:13] New book created with id: f019540a-0b3c-4cdf-8f21-0a0ebe9fe224
[2024-05-22 22:17:13] New book created with id: 701b18da-7589-4acb-a13f-24e87dd7ad05
[2024-05-22 22:17:13] New book created with id: 7cd014e8-8ae6-42a6-81e6-b64431b0f7eb
[2024-05-22 22:17:13] New book created with id: d87bea74-7e04-4ce0-90fc-5b3569a4e54a
[2024-05-22 22:17:14] New book created with id: 4ccd68dd-5119-4a78-89c3-ce65dbc4c0ce
[2024-05-22 22:17:14] New book created with id: 8a913838-1093-4638-ab12-ff3a021d908e
[2024-05-22 22:17:14] New book created with id: 9aec9005-0ff3-4e0b-88e7-12b639e619c1
[2024-05-22 22:17:14] New book created with id: 2f9497d5-2b49-4829-9804-dcfced54b4c7
[2024-05-22 22:17:14] New book created with id: 5ce0c847-1c06-4f04-a8cf-63ffd4b41dd5
[2024-05-22 22:17:41] New book created with id: 5df341cf-9b62-46f5-af80-e9798894e05d
[2024-05-22 22:21:17] New book created with id='03b35b43-8d99-49e3-ad8d-c122c4d28505', title='Buku Matematika', author='Erlangga', description='Buku untuk belajar matematika itu menyenangkan.', created_at='2024-05-22 15:21:17.14179', updated_at='2024-05-22 15:21:17.14179'
[2024-05-22 22:21:35] New book created with id='73794a7f-9ca4-454e-ace6-a36bdc1bb73e', title='Buku Matematika', author='Erlangga', description='Buku untuk belajar matematika itu menyenangkan.', created_at='2024-05-22 15:21:35.908646', updated_at='2024-05-22 15:21:35.908646'
[2024-05-22 22:21:36] New book created with id='98a79cb1-e387-49de-8f28-dd4c7d26b50d', title='Buku Matematika', author='Erlangga', description='Buku untuk belajar matematika itu menyenangkan.', created_at='2024-05-22 15:21:36.607767', updated_at='2024-05-22 15:21:36.607767'
[2024-05-22 22:21:37] New book created with id='7d143206-6465-4a96-97b4-34b1ab79fd66', title='Buku Matematika', author='Erlangga', description='Buku untuk belajar matematika itu menyenangkan.', created_at='2024-05-22 15:21:37.272115', updated_at='2024-05-22 15:21:37.272115'
[2024-05-22 22:21:37] New book created with id='afc65f1b-fc03-467a-9a77-9d94c1e5c8c1', title='Buku Matematika', author='Erlangga', description='Buku untuk belajar matematika itu menyenangkan.', created_at='2024-05-22 15:21:37.954521', updated_at='2024-05-22 15:21:37.954521'
[2024-05-22 22:21:38] New book created with id='454b9fe7-bf1f-4a4f-9919-1b7f413abc1d', title='Buku Matematika', author='Erlangga', description='Buku untuk belajar matematika itu menyenangkan.', created_at='2024-05-22 15:21:38.826018', updated_at='2024-05-22 15:21:38.826018'
[2024-05-22 22:21:39] New book created with id='60de4f2f-afe5-46ec-9868-b8826bea7d98', title='Buku Matematika', author='Erlangga', description='Buku untuk belajar matematika itu menyenangkan.', created_at='2024-05-22 15:21:39.503599', updated_at='2024-05-22 15:21:39.503599'
